10217 1
15145 1
26396 1
32484 1
32826 1
32879 1
32891 1
32977 1
32995 1
33150 1
33233 1
33258 1
33304 1
33310 1
33314 1
33456 1
33521 1
33532 1
33574 1
33581 1
33635 1
33665 1
33738 1
33781 1
33902 1
33946 1
34001 1
34091 1
34100 1
34226 1
34263 1
34346 1
34508 1
34545 1
34642 1
34695 1
34711 1
34712 1
34759 1
34849 1
35013 1
35021 1
35101 1
35113 2
35172 1
35260 1
35353 1
35404 1
35457 1
35525 1
35545 1
35685 1
35697 1
35810 1
35825 1
35876 1
35893 1
36027 1
36060 4
36196 1
36235 1
36265 1
36300 1
36335 1
36419 1
36525 1
36634 1
36644 1
36704 1
36747 1
36902 1
36961 1
37033 1
37035 1
37047 1
37080 1
37270 1
37388 1
37437 1
37478 1
37598 1
37652 1
37678 1
37760 1
37854 1
37894 1
37999 1
38133 1
38180 1
38241 1
38375 1
38431 1
38485 1
38647 1
38693 1
38767 1
38850 1
38937 1
39004 1
39008 1
39041 1
39237 1
39278 1
39309 1
39319 1
39410 1
39710 2
39714 1
39715 1
39827 1
40110 1
40121 1
40139 1
40213 1
40297 1
40388 1
40414 1
40454 1
40476 1
40631 1
40652 1
40676 1
40862 1
40931 1
40988 1
40993 1
41083 1
41156 1
41350 1
41439 1
41452 1
41506 1
41526 1
41667 1
41795 1
41834 1
41860 1
41872 1
41908 1
42239 1
42246 1
42294 1
42308 1
42342 1
42564 1
42606 1
42636 1
42836 1
42881 1
42931 1
42938 1
42948 1
43083 1
43092 1
43213 1
43391 1
43414 1
43476 1
43647 1
43666 1
43714 1
43821 1
43897 1
43981 1
43984 1
44125 1
44163 1
44328 1
44412 1
44414 1
44456 1
44532 1
44590 1
44785 1
44861 1
44900 1
44921 1
45073 1
45079 1
45179 1
45203 1
45256 1
45378 1
45512 1
45568 1
45599 1
45620 1
45648 1
45661 1
45696 1
45699 1
45825 1
45902 1
46008 1
46013 1
46059 1
46199 1
46273 1
46401 1
46485 1
46515 1
46519 1
46577 1
46626 1
46822 1
46878 1
46880 1
46953 1
46973 1
47004 1
47068 1
47098 1
47130 1
47147 1
47331 1
47366 1
47409 1
47547 1
47653 1
47782 1
47836 1
47852 1
47936 1
48023 1
48088 1
48168 1
48241 1
48252 1
48337 1
48339 1
48369 1
48505 1
48527 1
48588 1
48663 1
48708 1
48911 1
48976 1
49096 1
49133 1
49161 1
49188 1
49345 1
49412 1
49425 1
49468 1
49479 1
49494 1
49567 1
49674 1
49720 1
49810 1
49870 1
49883 1
50101 1
50215 1
50261 1
50263 1
50545 1
50562 1
50655 2
50726 1
50811 1
50880 1
50950 1
50953 1
50999 1
51018 1
51060 1
51066 1
51094 1
51169 1
51395 1
51443 1
51502 1
51538 1
51830 1
51867 1
51925 1
51965 1
51982 1
52176 1
52182 1
52212 1
52269 1
52276 1
52289 1
52316 1
52545 1
52586 1
52590 1
52660 1
52663 1
52762 1
52850 1
52962 1
53021 1
53160 1
53309 1
53403 1
53440 1
53550 1
53584 1
53589 1
53630 1
53697 1
53891 1
53992 1
54024 1
54049 1
54087 1
54137 1
54339 1
54395 1
54466 1
54560 1
54596 1
54699 1
54754 1
54954 1
54980 1
55069 1
55072 1
55138 1
55204 1
55249 1
55368 1
55517 1
55557 1
55577 1
55618 1
55676 1
55761 1
55784 1
55849 1
55956 1
55969 1
56091 1
56179 1
56319 1
56377 1
56423 1
56499 1
56571 1
56779 1
56816 1
56847 1
56850 1
57031 1
57037 1
57038 1
57092 1
57100 1
57138 1
57223 1
57292 1
57303 1
57485 1
57631 1
57660 1
57704 1
57707 1
57916 1
57998 1
58028 1
58106 1
58118 1
58304 1
58365 1
58386 1
58430 1
58491 1
58556 1
58682 1
58824 1
58869 1
58882 1
58889 1
59080 1
59113 1
59160 1
59303 1
59321 1
59333 1
59422 1
59470 1
59702 1
59705 1
59788 1
59849 1
59850 1
59905 1
60061 1
60209 1
60231 1
60259 1
60413 1
60433 1
60547 1
60554 1
60637 1
60656 1
60834 1
60924 1
60948 1
63646 1
65244 1
